<?xml version="1.0" encoding="UTF-8"?><testsuite errors="0" failures="1" name="Select Product" skipped="0" tests="2" time="22.22" timestamp="2019-04-07 06:03:14"><testcase name="Search on Ebay"/><testcase name="Select a Product"><failure message="Expected enabled element was not enabled" type="net.thucydides.core.webdriver.exceptions.ElementShouldBeEnabledException">Expected enabled element was not enabled</failure><system-err>Expected enabled element was not enabled&#13;
com.ebay.qa.proyectoebayscreenplay.interactions.Clicking.performAs(Clicking.java:19)&#13;
com.ebay.qa.proyectoebayscreenplay.stepsdefinitions.SelectProductStepsDefinitions.juan_Diego_made_and_validated_a_search(SelectProductStepsDefinitions.java:30)&#13;
cucumber.runner.Runner.runPickle(Runner.java:80)&#13;
org.eclipse.jdt.internal.junit4.runner.JUnit4TestReference.run(JUnit4TestReference.java:89)&#13;
org.eclipse.jdt.internal.junit.runner.TestExecution.run(TestExecution.java:41)&#13;
org.eclipse.jdt.internal.junit.runner.RemoteTestRunner.runTests(RemoteTestRunner.java:541)&#13;
org.eclipse.jdt.internal.junit.runner.RemoteTestRunner.runTests(RemoteTestRunner.java:763)&#13;
org.eclipse.jdt.internal.junit.runner.RemoteTestRunner.run(RemoteTestRunner.java:463)&#13;
org.eclipse.jdt.internal.junit.runner.RemoteTestRunner.main(RemoteTestRunner.java:209)&#13;
</system-err></testcase></testsuite>